This file contains any messages produced by compilers while
running configure, to aid debugging if configure makes a mistake.

It was created by open-isns configure 0.90, which was
generated by GNU Autoconf 2.63.  Invocation command line was

  $ ./configure CFLAGS=-fno-strict-aliasing -DOFFLOAD_BOOT_SUPPORTED -DLOCK_DIR="/etc/iscsi" --with-security=no

## --------- ##
## Platform. ##
## --------- ##

hostname = main-server
uname -m = x86_64
uname -r = 3.0.101-0.7.17-default
uname -s = Linux
uname -v = #1 SMP Tue Feb 4 13:24:49 UTC 2014 (90aac76)

/usr/bin/uname -p = unknown
/bin/uname -X     = unknown

/bin/arch              = x86_64
/usr/bin/arch -k       = unknown
/usr/convex/getsysinfo = unknown
/usr/bin/hostinfo      = unknown
/bin/machine           = unknown
/usr/bin/oslevel       = unknown
/bin/universe          = unknown

PATH: /opt/icecream/bin
PATH: /home/lduncan/bin
PATH: /usr/local/leeman/bin
PATH: /usr/local/bin
PATH: /usr/bin
PATH: /usr/sbin
PATH: /bin
PATH: /sbin
PATH: /etc
PATH: .


## ----------- ##
## Core tests. ##
## ----------- ##

configure:1895: checking for gcc
configure:1911: found /opt/icecream/bin/gcc
configure:1922: result: gcc
configure:2154: checking for C compiler version
configure:2162: gcc --version >&5
gcc (SUSE Linux) 4.3.4 [gcc-4_3-branch revision 152973]
Copyright (C) 2008 Free Software Foundation, Inc.
This is free software; see the source for copying conditions.  There is NO
warranty; not even for MERCHANTABILITY or FITNESS FOR A PARTICULAR PURPOSE.

configure:2166: $? = 0
configure:2173: gcc -v >&5
Using built-in specs.
Target: x86_64-suse-linux
Configured with: ../configure --prefix=/usr --infodir=/usr/share/info --mandir=/usr/share/man --libdir=/usr/lib64 --libexecdir=/usr/lib64 --enable-languages=c,c++,objc,fortran,obj-c++,java,ada --enable-checking=release --with-gxx-include-dir=/usr/include/c++/4.3 --enable-ssp --disable-libssp --with-bugurl=http://bugs.opensuse.org/ --with-pkgversion='SUSE Linux' --disable-libgcj --disable-libmudflap --with-slibdir=/lib64 --with-system-zlib --enable-__cxa_atexit --enable-libstdcxx-allocator=new --disable-libstdcxx-pch --enable-version-specific-runtime-libs --program-suffix=-4.3 --enable-linux-futex --without-system-libunwind --with-cpu=generic --build=x86_64-suse-linux
Thread model: posix
gcc version 4.3.4 [gcc-4_3-branch revision 152973] (SUSE Linux) 
configure:2177: $? = 0
configure:2184: gcc -V >&5
gcc: '-V' option must have argument
configure:2188: $? = 1
configure:2211: checking for C compiler default output file name
configure:2233: gcc -fno-strict-aliasing -DOFFLOAD_BOOT_SUPPORTED -DLOCK_DIR="/etc/iscsi"   conftest.c  >&5
configure:2237: $? = 0
configure:2275: result: a.out
configure:2294: checking whether the C compiler works
configure:2304: ./a.out
configure:2308: $? = 0
configure:2327: result: yes
configure:2334: checking whether we are cross compiling
configure:2336: result: no
configure:2339: checking for suffix of executables
configure:2346: gcc -o conftest -fno-strict-aliasing -DOFFLOAD_BOOT_SUPPORTED -DLOCK_DIR="/etc/iscsi"   conftest.c  >&5
configure:2350: $? = 0
configure:2376: result: 
configure:2382: checking for suffix of object files
configure:2408: gcc -c -fno-strict-aliasing -DOFFLOAD_BOOT_SUPPORTED -DLOCK_DIR="/etc/iscsi"  conftest.c >&5
configure:2412: $? = 0
configure:2437: result: o
configure:2441: checking whether we are using the GNU C compiler
configure:2470: gcc -c -fno-strict-aliasing -DOFFLOAD_BOOT_SUPPORTED -DLOCK_DIR="/etc/iscsi"  conftest.c >&5
configure:2477: $? = 0
configure:2494: result: yes
configure:2503: checking whether gcc accepts -g
configure:2533: gcc -c -g  conftest.c >&5
configure:2540: $? = 0
configure:2641: result: yes
configure:2658: checking for gcc option to accept ISO C89
configure:2732: gcc  -c -fno-strict-aliasing -DOFFLOAD_BOOT_SUPPORTED -DLOCK_DIR="/etc/iscsi"  conftest.c >&5
configure:2739: $? = 0
configure:2762: result: none needed
configure:2786: checking build system type
configure:2804: result: x86_64-unknown-linux-gnu
configure:2826: checking host system type
configure:2841: result: x86_64-unknown-linux-gnu
configure:2869: checking how to run the C preprocessor
configure:2909: gcc -E  conftest.c
configure:2916: $? = 0
configure:2947: gcc -E  conftest.c
conftest.c:8:28: error: ac_nonexistent.h: No such file or directory
configure:2954: $? = 1
configure: failed program was:
| /* confdefs.h.  */
| #define PACKAGE_NAME "open-isns"
| #define PACKAGE_TARNAME "open-isns"
| #define PACKAGE_VERSION "0.90"
| #define PACKAGE_STRING "open-isns 0.90"
| #define PACKAGE_BUGREPORT ""
| /* end confdefs.h.  */
| #include <ac_nonexistent.h>
configure:2987: result: gcc -E
configure:3016: gcc -E  conftest.c
configure:3023: $? = 0
configure:3054: gcc -E  conftest.c
conftest.c:8:28: error: ac_nonexistent.h: No such file or directory
configure:3061: $? = 1
configure: failed program was:
| /* confdefs.h.  */
| #define PACKAGE_NAME "open-isns"
| #define PACKAGE_TARNAME "open-isns"
| #define PACKAGE_VERSION "0.90"
| #define PACKAGE_STRING "open-isns 0.90"
| #define PACKAGE_BUGREPORT ""
| /* end confdefs.h.  */
| #include <ac_nonexistent.h>
configure:3101: checking for grep that handles long lines and -e
configure:3161: result: /usr/bin/grep
configure:3166: checking for egrep
configure:3230: result: /usr/bin/grep -E
configure:3235: checking for ANSI C header files
configure:3265: gcc -c -fno-strict-aliasing -DOFFLOAD_BOOT_SUPPORTED -DLOCK_DIR="/etc/iscsi"  conftest.c >&5
configure:3272: $? = 0
configure:3371: gcc -o conftest -fno-strict-aliasing -DOFFLOAD_BOOT_SUPPORTED -DLOCK_DIR="/etc/iscsi"   conftest.c  >&5
configure:3375: $? = 0
configure:3381: ./conftest
configure:3385: $? = 0
configure:3403: result: yes
configure:3427: checking for sys/types.h
configure:3448: gcc -c -fno-strict-aliasing -DOFFLOAD_BOOT_SUPPORTED -DLOCK_DIR="/etc/iscsi"  conftest.c >&5
configure:3455: $? = 0
configure:3472: result: yes
configure:3427: checking for sys/stat.h
configure:3448: gcc -c -fno-strict-aliasing -DOFFLOAD_BOOT_SUPPORTED -DLOCK_DIR="/etc/iscsi"  conftest.c >&5
configure:3455: $? = 0
configure:3472: result: yes
configure:3427: checking for stdlib.h
configure:3448: gcc -c -fno-strict-aliasing -DOFFLOAD_BOOT_SUPPORTED -DLOCK_DIR="/etc/iscsi"  conftest.c >&5
configure:3455: $? = 0
configure:3472: result: yes
configure:3427: checking for string.h
configure:3448: gcc -c -fno-strict-aliasing -DOFFLOAD_BOOT_SUPPORTED -DLOCK_DIR="/etc/iscsi"  conftest.c >&5
configure:3455: $? = 0
configure:3472: result: yes
configure:3427: checking for memory.h
configure:3448: gcc -c -fno-strict-aliasing -DOFFLOAD_BOOT_SUPPORTED -DLOCK_DIR="/etc/iscsi"  conftest.c >&5
configure:3455: $? = 0
configure:3472: result: yes
configure:3427: checking for strings.h
configure:3448: gcc -c -fno-strict-aliasing -DOFFLOAD_BOOT_SUPPORTED -DLOCK_DIR="/etc/iscsi"  conftest.c >&5
configure:3455: $? = 0
configure:3472: result: yes
configure:3427: checking for inttypes.h
configure:3448: gcc -c -fno-strict-aliasing -DOFFLOAD_BOOT_SUPPORTED -DLOCK_DIR="/etc/iscsi"  conftest.c >&5
configure:3455: $? = 0
configure:3472: result: yes
configure:3427: checking for stdint.h
configure:3448: gcc -c -fno-strict-aliasing -DOFFLOAD_BOOT_SUPPORTED -DLOCK_DIR="/etc/iscsi"  conftest.c >&5
configure:3455: $? = 0
configure:3472: result: yes
configure:3427: checking for unistd.h
configure:3448: gcc -c -fno-strict-aliasing -DOFFLOAD_BOOT_SUPPORTED -DLOCK_DIR="/etc/iscsi"  conftest.c >&5
configure:3455: $? = 0
configure:3472: result: yes
configure:3487: checking whether byte ordering is bigendian
configure:3512: gcc -c -fno-strict-aliasing -DOFFLOAD_BOOT_SUPPORTED -DLOCK_DIR="/etc/iscsi"  conftest.c >&5
conftest.c:19: error: expected '=', ',', ';', 'asm' or '__attribute__' before 'a'
configure:3519: $? = 1
configure: failed program was:
| /* confdefs.h.  */
| #define PACKAGE_NAME "open-isns"
| #define PACKAGE_TARNAME "open-isns"
| #define PACKAGE_VERSION "0.90"
| #define PACKAGE_STRING "open-isns 0.90"
| #define PACKAGE_BUGREPORT ""
| #define STDC_HEADERS 1
| #define HAVE_SYS_TYPES_H 1
| #define HAVE_SYS_STAT_H 1
| #define HAVE_STDLIB_H 1
| #define HAVE_STRING_H 1
| #define HAVE_MEMORY_H 1
| #define HAVE_STRINGS_H 1
| #define HAVE_INTTYPES_H 1
| #define HAVE_STDINT_H 1
| #define HAVE_UNISTD_H 1
| /* end confdefs.h.  */
| #ifndef __APPLE_CC__
| 	       not a universal capable compiler
| 	     #endif
| 	     typedef int dummy;
| 
configure:3569: gcc -c -fno-strict-aliasing -DOFFLOAD_BOOT_SUPPORTED -DLOCK_DIR="/etc/iscsi"  conftest.c >&5
configure:3576: $? = 0
configure:3608: gcc -c -fno-strict-aliasing -DOFFLOAD_BOOT_SUPPORTED -DLOCK_DIR="/etc/iscsi"  conftest.c >&5
conftest.c: In function 'main':
conftest.c:25: error: 'not' undeclared (first use in this function)
conftest.c:25: error: (Each undeclared identifier is reported only once
conftest.c:25: error: for each function it appears in.)
conftest.c:25: error: expected ';' before 'big'
configure:3615: $? = 1
configure: failed program was:
| /* confdefs.h.  */
| #define PACKAGE_NAME "open-isns"
| #define PACKAGE_TARNAME "open-isns"
| #define PACKAGE_VERSION "0.90"
| #define PACKAGE_STRING "open-isns 0.90"
| #define PACKAGE_BUGREPORT ""
| #define STDC_HEADERS 1
| #define HAVE_SYS_TYPES_H 1
| #define HAVE_SYS_STAT_H 1
| #define HAVE_STDLIB_H 1
| #define HAVE_STRING_H 1
| #define HAVE_MEMORY_H 1
| #define HAVE_STRINGS_H 1
| #define HAVE_INTTYPES_H 1
| #define HAVE_STDINT_H 1
| #define HAVE_UNISTD_H 1
| /* end confdefs.h.  */
| #include <sys/types.h>
| 		#include <sys/param.h>
| 
| int
| main ()
| {
| #if BYTE_ORDER != BIG_ENDIAN
| 		 not big endian
| 		#endif
| 
|   ;
|   return 0;
| }
configure:3867: result: no
configure:3898: checking how to run the C preprocessor
configure:4016: result: gcc -E
configure:4045: gcc -E  conftest.c
configure:4052: $? = 0
configure:4083: gcc -E  conftest.c
conftest.c:18:28: error: ac_nonexistent.h: No such file or directory
configure:4090: $? = 1
configure: failed program was:
| /* confdefs.h.  */
| #define PACKAGE_NAME "open-isns"
| #define PACKAGE_TARNAME "open-isns"
| #define PACKAGE_VERSION "0.90"
| #define PACKAGE_STRING "open-isns 0.90"
| #define PACKAGE_BUGREPORT ""
| #define STDC_HEADERS 1
| #define HAVE_SYS_TYPES_H 1
| #define HAVE_SYS_STAT_H 1
| #define HAVE_STDLIB_H 1
| #define HAVE_STRING_H 1
| #define HAVE_MEMORY_H 1
| #define HAVE_STRINGS_H 1
| #define HAVE_INTTYPES_H 1
| #define HAVE_STDINT_H 1
| #define HAVE_UNISTD_H 1
| /* end confdefs.h.  */
| #include <ac_nonexistent.h>
configure:4143: checking for a BSD-compatible install
configure:4211: result: /usr/bin/install -c
configure:4222: checking whether ln -s works
configure:4226: result: yes
configure:4233: checking whether make sets $(MAKE)
configure:4255: result: yes
configure:4266: checking for sh
configure:4284: found /usr/bin/sh
configure:4296: result: /usr/bin/sh
configure:4305: checking for inline
configure:4331: gcc -c -fno-strict-aliasing -DOFFLOAD_BOOT_SUPPORTED -DLOCK_DIR="/etc/iscsi"  conftest.c >&5
configure:4338: $? = 0
configure:4356: result: inline
configure:4380: checking for ANSI C header files
configure:4548: result: yes
configure:4558: checking for sys/wait.h that is POSIX.1 compatible
configure:4594: gcc -c -Wall -fno-strict-aliasing -fno-strict-aliasing -DOFFLOAD_BOOT_SUPPORTED -DLOCK_DIR="/etc/iscsi"  -D_GNU_SOURCE conftest.c >&5
configure:4601: $? = 0
configure:4616: result: yes
configure:4651: checking errno.h usability
configure:4668: gcc -c -Wall -fno-strict-aliasing -fno-strict-aliasing -DOFFLOAD_BOOT_SUPPORTED -DLOCK_DIR="/etc/iscsi"  -D_GNU_SOURCE conftest.c >&5
configure:4675: $? = 0
configure:4689: result: yes
configure:4693: checking errno.h presence
configure:4708: gcc -E  -D_GNU_SOURCE conftest.c
configure:4715: $? = 0
configure:4729: result: yes
configure:4757: checking for errno.h
configure:4766: result: yes
configure:4651: checking fcntl.h usability
configure:4668: gcc -c -Wall -fno-strict-aliasing -fno-strict-aliasing -DOFFLOAD_BOOT_SUPPORTED -DLOCK_DIR="/etc/iscsi"  -D_GNU_SOURCE conftest.c >&5
configure:4675: $? = 0
configure:4689: result: yes
configure:4693: checking fcntl.h presence
configure:4708: gcc -E  -D_GNU_SOURCE conftest.c
configure:4715: $? = 0
configure:4729: result: yes
configure:4757: checking for fcntl.h
configure:4766: result: yes
configure:4651: checking malloc.h usability
configure:4668: gcc -c -Wall -fno-strict-aliasing -fno-strict-aliasing -DOFFLOAD_BOOT_SUPPORTED -DLOCK_DIR="/etc/iscsi"  -D_GNU_SOURCE conftest.c >&5
configure:4675: $? = 0
configure:4689: result: yes
configure:4693: checking malloc.h presence
configure:4708: gcc -E  -D_GNU_SOURCE conftest.c
configure:4715: $? = 0
configure:4729: result: yes
configure:4757: checking for malloc.h
configure:4766: result: yes
configure:4640: checking for stdlib.h
configure:4647: result: yes
configure:4640: checking for string.h
configure:4647: result: yes
configure:4640: checking for strings.h
configure:4647: result: yes
configure:4651: checking sys/time.h usability
configure:4668: gcc -c -Wall -fno-strict-aliasing -fno-strict-aliasing -DOFFLOAD_BOOT_SUPPORTED -DLOCK_DIR="/etc/iscsi"  -D_GNU_SOURCE conftest.c >&5
configure:4675: $? = 0
configure:4689: result: yes
configure:4693: checking sys/time.h presence
configure:4708: gcc -E  -D_GNU_SOURCE conftest.c
configure:4715: $? = 0
configure:4729: result: yes
configure:4757: checking for sys/time.h
configure:4766: result: yes
configure:4640: checking for unistd.h
configure:4647: result: yes
configure:4651: checking locale.h usability
configure:4668: gcc -c -Wall -fno-strict-aliasing -fno-strict-aliasing -DOFFLOAD_BOOT_SUPPORTED -DLOCK_DIR="/etc/iscsi"  -D_GNU_SOURCE conftest.c >&5
configure:4675: $? = 0
configure:4689: result: yes
configure:4693: checking locale.h presence
configure:4708: gcc -E  -D_GNU_SOURCE conftest.c
configure:4715: $? = 0
configure:4729: result: yes
configure:4757: checking for locale.h
configure:4766: result: yes
configure:4651: checking getopt.h usability
configure:4668: gcc -c -Wall -fno-strict-aliasing -fno-strict-aliasing -DOFFLOAD_BOOT_SUPPORTED -DLOCK_DIR="/etc/iscsi"  -D_GNU_SOURCE conftest.c >&5
configure:4675: $? = 0
configure:4689: result: yes
configure:4693: checking getopt.h presence
configure:4708: gcc -E  -D_GNU_SOURCE conftest.c
configure:4715: $? = 0
configure:4729: result: yes
configure:4757: checking for getopt.h
configure:4766: result: yes
configure:4783: checking for socket in -lsocket
configure:4818: gcc -o conftest -Wall -fno-strict-aliasing -fno-strict-aliasing -DOFFLOAD_BOOT_SUPPORTED -DLOCK_DIR="/etc/iscsi"  -D_GNU_SOURCE  conftest.c -lsocket   >&5
/usr/lib64/gcc/x86_64-suse-linux/4.3/../../../../x86_64-suse-linux/bin/ld: cannot find -lsocket
collect2: ld returned 1 exit status
configure:4825: $? = 1
configure: failed program was:
| /* confdefs.h.  */
| #define PACKAGE_NAME "open-isns"
| #define PACKAGE_TARNAME "open-isns"
| #define PACKAGE_VERSION "0.90"
| #define PACKAGE_STRING "open-isns 0.90"
| #define PACKAGE_BUGREPORT ""
| #define STDC_HEADERS 1
| #define HAVE_SYS_TYPES_H 1
| #define HAVE_SYS_STAT_H 1
| #define HAVE_STDLIB_H 1
| #define HAVE_STRING_H 1
| #define HAVE_MEMORY_H 1
| #define HAVE_STRINGS_H 1
| #define HAVE_INTTYPES_H 1
| #define HAVE_STDINT_H 1
| #define HAVE_UNISTD_H 1
| #define STDC_HEADERS 1
| #define HAVE_SYS_WAIT_H 1
| #define HAVE_ERRNO_H 1
| #define HAVE_FCNTL_H 1
| #define HAVE_MALLOC_H 1
| #define HAVE_STDLIB_H 1
| #define HAVE_STRING_H 1
| #define HAVE_STRINGS_H 1
| #define HAVE_SYS_TIME_H 1
| #define HAVE_UNISTD_H 1
| #define HAVE_LOCALE_H 1
| #define HAVE_GETOPT_H 1
| /* end confdefs.h.  */
| 
| /* Override any GCC internal prototype to avoid an error.
|    Use char because int might match the return type of a GCC
|    builtin and then its argument prototype would still apply.  */
| #ifdef __cplusplus
| extern "C"
| #endif
| char socket ();
| int
| main ()
| {
| return socket ();
|   ;
|   return 0;
| }
configure:4846: result: no
configure:4855: checking for getopt_long
configure:4911: gcc -o conftest -Wall -fno-strict-aliasing -fno-strict-aliasing -DOFFLOAD_BOOT_SUPPORTED -DLOCK_DIR="/etc/iscsi"  -D_GNU_SOURCE  conftest.c  >&5
configure:4918: $? = 0
configure:4938: result: yes
configure:5248: checking slp.h usability
configure:5265: gcc -c -Wall -fno-strict-aliasing -fno-strict-aliasing -DOFFLOAD_BOOT_SUPPORTED -DLOCK_DIR="/etc/iscsi"  -D_GNU_SOURCE conftest.c >&5
conftest.c:64:17: error: slp.h: No such file or directory
configure:5272: $? = 1
configure: failed program was:
| /* confdefs.h.  */
| #define PACKAGE_NAME "open-isns"
| #define PACKAGE_TARNAME "open-isns"
| #define PACKAGE_VERSION "0.90"
| #define PACKAGE_STRING "open-isns 0.90"
| #define PACKAGE_BUGREPORT ""
| #define STDC_HEADERS 1
| #define HAVE_SYS_TYPES_H 1
| #define HAVE_SYS_STAT_H 1
| #define HAVE_STDLIB_H 1
| #define HAVE_STRING_H 1
| #define HAVE_MEMORY_H 1
| #define HAVE_STRINGS_H 1
| #define HAVE_INTTYPES_H 1
| #define HAVE_STDINT_H 1
| #define HAVE_UNISTD_H 1
| #define STDC_HEADERS 1
| #define HAVE_SYS_WAIT_H 1
| #define HAVE_ERRNO_H 1
| #define HAVE_FCNTL_H 1
| #define HAVE_MALLOC_H 1
| #define HAVE_STDLIB_H 1
| #define HAVE_STRING_H 1
| #define HAVE_STRINGS_H 1
| #define HAVE_SYS_TIME_H 1
| #define HAVE_UNISTD_H 1
| #define HAVE_LOCALE_H 1
| #define HAVE_GETOPT_H 1
| #define HAVE_GETOPT_LONG 1
| /* end confdefs.h.  */
| #include <stdio.h>
| #ifdef HAVE_SYS_TYPES_H
| # include <sys/types.h>
| #endif
| #ifdef HAVE_SYS_STAT_H
| # include <sys/stat.h>
| #endif
| #ifdef STDC_HEADERS
| # include <stdlib.h>
| # include <stddef.h>
| #else
| # ifdef HAVE_STDLIB_H
| #  include <stdlib.h>
| # endif
| #endif
| #ifdef HAVE_STRING_H
| # if !defined STDC_HEADERS && defined HAVE_MEMORY_H
| #  include <memory.h>
| # endif
| # include <string.h>
| #endif
| #ifdef HAVE_STRINGS_H
| # include <strings.h>
| #endif
| #ifdef HAVE_INTTYPES_H
| # include <inttypes.h>
| #endif
| #ifdef HAVE_STDINT_H
| # include <stdint.h>
| #endif
| #ifdef HAVE_UNISTD_H
| # include <unistd.h>
| #endif
| #include <slp.h>
configure:5286: result: no
configure:5290: checking slp.h presence
configure:5305: gcc -E  -D_GNU_SOURCE conftest.c
conftest.c:31:17: error: slp.h: No such file or directory
configure:5312: $? = 1
configure: failed program was:
| /* confdefs.h.  */
| #define PACKAGE_NAME "open-isns"
| #define PACKAGE_TARNAME "open-isns"
| #define PACKAGE_VERSION "0.90"
| #define PACKAGE_STRING "open-isns 0.90"
| #define PACKAGE_BUGREPORT ""
| #define STDC_HEADERS 1
| #define HAVE_SYS_TYPES_H 1
| #define HAVE_SYS_STAT_H 1
| #define HAVE_STDLIB_H 1
| #define HAVE_STRING_H 1
| #define HAVE_MEMORY_H 1
| #define HAVE_STRINGS_H 1
| #define HAVE_INTTYPES_H 1
| #define HAVE_STDINT_H 1
| #define HAVE_UNISTD_H 1
| #define STDC_HEADERS 1
| #define HAVE_SYS_WAIT_H 1
| #define HAVE_ERRNO_H 1
| #define HAVE_FCNTL_H 1
| #define HAVE_MALLOC_H 1
| #define HAVE_STDLIB_H 1
| #define HAVE_STRING_H 1
| #define HAVE_STRINGS_H 1
| #define HAVE_SYS_TIME_H 1
| #define HAVE_UNISTD_H 1
| #define HAVE_LOCALE_H 1
| #define HAVE_GETOPT_H 1
| #define HAVE_GETOPT_LONG 1
| /* end confdefs.h.  */
| #include <slp.h>
configure:5326: result: no
configure:5354: checking for slp.h
configure:5363: result: no
configure:5380: checking for SLPOpen in -lslp
configure:5415: gcc -o conftest -Wall -fno-strict-aliasing -fno-strict-aliasing -DOFFLOAD_BOOT_SUPPORTED -DLOCK_DIR="/etc/iscsi"  -D_GNU_SOURCE  conftest.c -lslp   >&5
/usr/lib64/gcc/x86_64-suse-linux/4.3/../../../../x86_64-suse-linux/bin/ld: cannot find -lslp
collect2: ld returned 1 exit status
configure:5422: $? = 1
configure: failed program was:
| /* confdefs.h.  */
| #define PACKAGE_NAME "open-isns"
| #define PACKAGE_TARNAME "open-isns"
| #define PACKAGE_VERSION "0.90"
| #define PACKAGE_STRING "open-isns 0.90"
| #define PACKAGE_BUGREPORT ""
| #define STDC_HEADERS 1
| #define HAVE_SYS_TYPES_H 1
| #define HAVE_SYS_STAT_H 1
| #define HAVE_STDLIB_H 1
| #define HAVE_STRING_H 1
| #define HAVE_MEMORY_H 1
| #define HAVE_STRINGS_H 1
| #define HAVE_INTTYPES_H 1
| #define HAVE_STDINT_H 1
| #define HAVE_UNISTD_H 1
| #define STDC_HEADERS 1
| #define HAVE_SYS_WAIT_H 1
| #define HAVE_ERRNO_H 1
| #define HAVE_FCNTL_H 1
| #define HAVE_MALLOC_H 1
| #define HAVE_STDLIB_H 1
| #define HAVE_STRING_H 1
| #define HAVE_STRINGS_H 1
| #define HAVE_SYS_TIME_H 1
| #define HAVE_UNISTD_H 1
| #define HAVE_LOCALE_H 1
| #define HAVE_GETOPT_H 1
| #define HAVE_GETOPT_LONG 1
| /* end confdefs.h.  */
| 
| /* Override any GCC internal prototype to avoid an error.
|    Use char because int might match the return type of a GCC
|    builtin and then its argument prototype would still apply.  */
| #ifdef __cplusplus
| extern "C"
| #endif
| char SLPOpen ();
| int
| main ()
| {
| return SLPOpen ();
|   ;
|   return 0;
| }
configure:5443: result: no
configure:5586: creating ./config.status

## ---------------------- ##
## Running config.status. ##
## ---------------------- ##

This file was extended by open-isns config.status 0.90, which was
generated by GNU Autoconf 2.63.  Invocation command line was

  CONFIG_FILES    = 
  CONFIG_HEADERS  = 
  CONFIG_LINKS    = 
  CONFIG_COMMANDS = 
  $ ./config.status 

on main-server

config.status:753: creating Makefile
config.status:900: WARNING:  'Makefile.in' seems to ignore the --datarootdir setting
config.status:753: creating config.h

## ---------------- ##
## Cache variables. ##
## ---------------- ##

ac_cv_build=x86_64-unknown-linux-gnu
ac_cv_c_bigendian=no
ac_cv_c_compiler_gnu=yes
ac_cv_c_inline=inline
ac_cv_env_CC_set=
ac_cv_env_CC_value=
ac_cv_env_CFLAGS_set=set
ac_cv_env_CFLAGS_value='-fno-strict-aliasing -DOFFLOAD_BOOT_SUPPORTED -DLOCK_DIR="/etc/iscsi"'
ac_cv_env_CPPFLAGS_set=
ac_cv_env_CPPFLAGS_value=
ac_cv_env_CPP_set=
ac_cv_env_CPP_value=
ac_cv_env_LDFLAGS_set=
ac_cv_env_LDFLAGS_value=
ac_cv_env_LIBS_set=
ac_cv_env_LIBS_value=
ac_cv_env_build_alias_set=
ac_cv_env_build_alias_value=
ac_cv_env_host_alias_set=
ac_cv_env_host_alias_value=
ac_cv_env_target_alias_set=
ac_cv_env_target_alias_value=
ac_cv_func_getopt_long=yes
ac_cv_header_errno_h=yes
ac_cv_header_fcntl_h=yes
ac_cv_header_getopt_h=yes
ac_cv_header_inttypes_h=yes
ac_cv_header_locale_h=yes
ac_cv_header_malloc_h=yes
ac_cv_header_memory_h=yes
ac_cv_header_slp_h=no
ac_cv_header_stdc=yes
ac_cv_header_stdint_h=yes
ac_cv_header_stdlib_h=yes
ac_cv_header_string_h=yes
ac_cv_header_strings_h=yes
ac_cv_header_sys_stat_h=yes
ac_cv_header_sys_time_h=yes
ac_cv_header_sys_types_h=yes
ac_cv_header_sys_wait_h=yes
ac_cv_header_unistd_h=yes
ac_cv_host=x86_64-unknown-linux-gnu
ac_cv_lib_slp_SLPOpen=no
ac_cv_lib_socket_socket=no
ac_cv_objext=o
ac_cv_path_EGREP='/usr/bin/grep -E'
ac_cv_path_GREP=/usr/bin/grep
ac_cv_path_SH=/usr/bin/sh
ac_cv_path_install='/usr/bin/install -c'
ac_cv_prog_CPP='gcc -E'
ac_cv_prog_ac_ct_CC=gcc
ac_cv_prog_cc_c89=
ac_cv_prog_cc_g=yes
ac_cv_prog_make_make_set=yes

## ----------------- ##
## Output variables. ##
## ----------------- ##

CC='gcc'
CFLAGS='-Wall -fno-strict-aliasing -fno-strict-aliasing -DOFFLOAD_BOOT_SUPPORTED -DLOCK_DIR="/etc/iscsi"'
CPP='gcc -E'
CPPFLAGS=' -D_GNU_SOURCE'
DEFS='-DHAVE_CONFIG_H'
ECHO_C=''
ECHO_N='-n'
ECHO_T=''
EGREP='/usr/bin/grep -E'
EXEEXT=''
GETOPTSRC=''
GREP='/usr/bin/grep'
INSTALL_DATA='${INSTALL} -m 644'
INSTALL_PROGRAM='${INSTALL}'
INSTALL_SCRIPT='${INSTALL}'
LDFLAGS=''
LIBOBJS=''
LIBS=''
LN_S='ln -s'
LTLIBOBJS=''
OBJEXT='o'
OPTIMIZE=''
PACKAGE_BUGREPORT=''
PACKAGE_NAME='open-isns'
PACKAGE_STRING='open-isns 0.90'
PACKAGE_TARNAME='open-isns'
PACKAGE_VERSION='0.90'
PATH_SEPARATOR=':'
SECLIBS=''
SET_MAKE=''
SH='/usr/bin/sh'
SHELL='/bin/sh'
SLPLIBS=''
ac_ct_CC='gcc'
bindir='${exec_prefix}/bin'
build='x86_64-unknown-linux-gnu'
build_alias=''
build_cpu='x86_64'
build_os='linux-gnu'
build_vendor='unknown'
datadir='${datarootdir}'
datarootdir='${prefix}/share'
docdir='${datarootdir}/doc/${PACKAGE_TARNAME}'
dvidir='${docdir}'
exec_prefix='${prefix}'
host='x86_64-unknown-linux-gnu'
host_alias=''
host_cpu='x86_64'
host_os='linux-gnu'
host_vendor='unknown'
htmldir='${docdir}'
includedir='${prefix}/include'
infodir='${datarootdir}/info'
libdir='${exec_prefix}/lib'
libexecdir='${exec_prefix}/libexec'
localedir='${datarootdir}/locale'
localstatedir='${prefix}/var'
mandir='${datarootdir}/man'
oldincludedir='/usr/include'
pdfdir='${docdir}'
prefix='/usr/local'
program_transform_name='s,x,x,'
psdir='${docdir}'
sbindir='${exec_prefix}/sbin'
sharedstatedir='${prefix}/com'
sysconfdir='${prefix}/etc'
target_alias=''

## ----------- ##
## confdefs.h. ##
## ----------- ##

#define PACKAGE_NAME "open-isns"
#define PACKAGE_TARNAME "open-isns"
#define PACKAGE_VERSION "0.90"
#define PACKAGE_STRING "open-isns 0.90"
#define PACKAGE_BUGREPORT ""
#define STDC_HEADERS 1
#define HAVE_SYS_TYPES_H 1
#define HAVE_SYS_STAT_H 1
#define HAVE_STDLIB_H 1
#define HAVE_STRING_H 1
#define HAVE_MEMORY_H 1
#define HAVE_STRINGS_H 1
#define HAVE_INTTYPES_H 1
#define HAVE_STDINT_H 1
#define HAVE_UNISTD_H 1
#define STDC_HEADERS 1
#define HAVE_SYS_WAIT_H 1
#define HAVE_ERRNO_H 1
#define HAVE_FCNTL_H 1
#define HAVE_MALLOC_H 1
#define HAVE_STDLIB_H 1
#define HAVE_STRING_H 1
#define HAVE_STRINGS_H 1
#define HAVE_SYS_TIME_H 1
#define HAVE_UNISTD_H 1
#define HAVE_LOCALE_H 1
#define HAVE_GETOPT_H 1
#define HAVE_GETOPT_LONG 1

configure: exit 0
